2026-04-29 14:36:42 [INFO] ============================================================
2026-04-29 14:36:42 [INFO] HEAT × MORPH Training
2026-04-29 14:36:42 [INFO] Modality: cyl, Model: Ti
2026-04-29 14:36:42 [INFO] ============================================================
2026-04-29 14:36:42 [INFO] Loading data from processed_quick/cyl_data.npz
2026-04-29 14:36:46 [INFO] Data shape: (6, 57, 9, 560, 200)
2026-04-29 14:36:46 [INFO] Instances: 6, Max timesteps: 57
2026-04-29 14:36:46 [INFO] Grid: 560x200, Channels: 9
2026-04-29 14:36:46 [INFO] Split: train=4, val=0, test=2
2026-04-29 14:36:46 [INFO] Saved splits to out_quick/splits.json
2026-04-29 14:37:04 [INFO] Train volume: (4, 57, 3, 3, 1, 560, 200)
2026-04-29 14:37:04 [INFO] Val volume: (0, 57, 3, 3, 1, 560, 200)
2026-04-29 14:37:04 [INFO] Test volume: (2, 57, 3, 3, 1, 560, 200)
2026-04-29 14:37:04 [INFO] Computing RevIN statistics on all splits (train+val+test)
2026-04-29 14:38:01 [INFO] ============================================================
2026-04-29 14:38:01 [INFO] HEAT × MORPH Training
2026-04-29 14:38:01 [INFO] Modality: cyl, Model: Ti
2026-04-29 14:38:01 [INFO] ============================================================
2026-04-29 14:38:01 [INFO] Loading data from processed_quick/cyl_data.npz
2026-04-29 14:38:04 [INFO] Data shape: (6, 57, 9, 560, 200)
2026-04-29 14:38:04 [INFO] Instances: 6, Max timesteps: 57
2026-04-29 14:38:04 [INFO] Grid: 560x200, Channels: 9
2026-04-29 14:38:04 [INFO] Split: train=4, val=0, test=2
2026-04-29 14:38:04 [INFO] Saved splits to out_quick/splits.json
2026-04-29 14:38:18 [INFO] Train volume: (4, 57, 3, 3, 1, 560, 200)
2026-04-29 14:38:18 [INFO] Val volume: (0, 57, 3, 3, 1, 560, 200)
2026-04-29 14:38:18 [INFO] Test volume: (2, 57, 3, 3, 1, 560, 200)
2026-04-29 14:38:18 [INFO] Computing RevIN statistics on all splits
2026-04-29 14:38:33 [INFO] RevIN normalization complete
2026-04-29 14:38:33 [INFO] Preparing AR windows (ar_order=1)
